<?xml version="1.0" encoding="UTF-8"?>
<!-- Generated by org.testng.reporters.JUnitXMLReporter -->
<testsuite ignored="0" hostname="Admin-PC" failures="0" tests="3" name="Test" time="282.276" errors="0" timestamp="2022-11-17T17:16:37 IST">
  <testcase classname="Maven_Test.DemoWebShop_RegisterTest" name="p2" time="171.457"/>
  <testcase classname="Maven_Test.MavenDemoTest" name="Demo" time="0.003"/>
  <testcase classname="Maven_Test.Demowebshop_SearchTest" name="P1" time="110.432"/>
</testsuite> <!-- Test -->
