<?xml version="1.0" encoding="UTF-8"?>
<testng-results ignored="0" total="3" passed="3" failed="0" skipped="0">
  <reporter-output>
  </reporter-output>
  <suite started-at="2022-11-17T17:11:54 IST" name="Suite" finished-at="2022-11-17T17:16:37 IST" duration-ms="282276">
    <groups>
    </groups>
    <test started-at="2022-11-17T17:11:54 IST" name="Test" finished-at="2022-11-17T17:16:37 IST" duration-ms="282276">
      <class name="Maven_Test.Demowebshop_SearchTest">
        <test-method signature="P1()[pri:0, instance:Maven_Test.Demowebshop_SearchTest@3f56875e]" started-at="2022-11-17T17:14:46 IST" name="P1" finished-at="2022-11-17T17:16:37 IST" duration-ms="110432" status="PASS">
          <reporter-output>
          </reporter-output>
        </test-method> <!-- P1 -->
      </class> <!-- Maven_Test.Demowebshop_SearchTest -->
      <class name="Maven_Test.MavenDemoTest">
        <test-method signature="Demo()[pri:0, instance:Maven_Test.MavenDemoTest@32910148]" started-at="2022-11-17T17:14:46 IST" name="Demo" finished-at="2022-11-17T17:14:46 IST" duration-ms="3" status="PASS">
          <reporter-output>
          </reporter-output>
        </test-method> <!-- Demo -->
      </class> <!-- Maven_Test.MavenDemoTest -->
      <class name="Maven_Test.DemoWebShop_RegisterTest">
        <test-method signature="p2()[pri:0, instance:Maven_Test.DemoWebShop_RegisterTest@672872e1]" started-at="2022-11-17T17:11:54 IST" name="p2" finished-at="2022-11-17T17:14:46 IST" duration-ms="171457" status="PASS">
          <reporter-output>
          </reporter-output>
        </test-method> <!-- p2 -->
      </class> <!-- Maven_Test.DemoWebShop_RegisterTest -->
    </test> <!-- Test -->
  </suite> <!-- Suite -->
</testng-results>
